<?xml version="1.0" encoding="UTF-8"?>
<!-- Generated by org.testng.reporters.JUnitReportReporter -->
<testsuite ignored="0" hostname="LHRLT-6511" failures="0" tests="1" name="search" time="9.701" errors="0" timestamp="22 Jan 2021 05:41:59 GMT" skipped="0">
  <testcase classname="search" name="Search" time="9.701"/>
</testsuite> <!-- search -->
